<?xml version="1.0" encoding="UTF-8"?>
<testng-results ignored="0" total="1" passed="1" failed="0" skipped="0">
  <reporter-output>
  </reporter-output>
  <suite started-at="2023-02-13T09:30:50 EET" name="Default Suite" finished-at="2023-02-13T09:30:50 EET" duration-ms="36">
    <groups>
    </groups>
    <test started-at="2023-02-13T09:30:50 EET" name="SampleMaven" finished-at="2023-02-13T09:30:50 EET" duration-ms="36">
      <class name="TestNgSample">
        <test-method signature="setup()[pri:0, instance:TestNgSample@4f9a3314]" started-at="2023-02-13T09:30:50 EET" name="setup" finished-at="2023-02-13T09:30:50 EET" duration-ms="4" status="PASS">
          <reporter-output>
          </reporter-output>
        </test-method> <!-- setup -->
      </class> <!-- TestNgSample -->
    </test> <!-- SampleMaven -->
  </suite> <!-- Default Suite -->
</testng-results>
